[2019-10-18T15:24:57.322] [ERROR] default - { TimeoutError: Element By(css selector, li[data-section-name='suppliers'] .menu-text) is not clickable
Wait timed out after 5044ms
    at C:\Users\sromankov\WebstormProjects\TypeScriptBasics\node_modules\selenium-webdriver\lib\promise.js:2201:17
    at process._tickCallback (internal/process/next_tick.js:68:7) name: 'TimeoutError', remoteStacktrace: '' }
[2019-10-18T15:51:06.320] [ERROR] default - { TimeoutError: Element By(css selector, li[data-section-name='suppliers'] .menu-text) is not clickable
Wait timed out after 5037ms
    at C:\Users\sromankov\WebstormProjects\TypeScriptBasics\node_modules\selenium-webdriver\lib\promise.js:2201:17
    at process._tickCallback (internal/process/next_tick.js:68:7) name: 'TimeoutError', remoteStacktrace: '' }
[2019-10-18T15:52:18.923] [ERROR] default - { TimeoutError: Element By(css selector, li[data-section-name='suppliers'] .menu-text) is not clickable
Wait timed out after 5038ms
    at C:\Users\sromankov\WebstormProjects\TypeScriptBasics\node_modules\selenium-webdriver\lib\promise.js:2201:17
    at process._tickCallback (internal/process/next_tick.js:68:7) name: 'TimeoutError', remoteStacktrace: '' }
[2019-10-18T15:57:49.717] [ERROR] default - { TimeoutError: Element By(css selector, li[data-section-name='suppliers'] .menu-text) is not clickable
Wait timed out after 5033ms
    at C:\Users\sromankov\WebstormProjects\TypeScriptBasics\node_modules\selenium-webdriver\lib\promise.js:2201:17
    at process._tickCallback (internal/process/next_tick.js:68:7) name: 'TimeoutError', remoteStacktrace: '' }
[2019-10-18T19:06:45.647] [ERROR] default - { TimeoutError: Element By(css selector, li[data-section-name='suppliers'] .menu-text) is not clickable
Wait timed out after 5048ms
    at C:\Users\sromankov\WebstormProjects\TypeScriptBasics\node_modules\selenium-webdriver\lib\promise.js:2201:17
    at process._tickCallback (internal/process/next_tick.js:68:7) name: 'TimeoutError', remoteStacktrace: '' }
[2019-10-18T19:14:28.054] [ERROR] default - { TimeoutError: Element By(css selector, li[data-section-name='suppliers'] .menu-text) is not clickable
Wait timed out after 10045ms
    at C:\Users\sromankov\WebstormProjects\TypeScriptBasics\node_modules\selenium-webdriver\lib\promise.js:2201:17
    at process._tickCallback (internal/process/next_tick.js:68:7) name: 'TimeoutError', remoteStacktrace: '' }
[2019-10-18T19:15:22.776] [ERROR] default - { TimeoutError: Element By(css selector, li[data-section-name='suppliers'] .menu-text) is not clickable
Wait timed out after 5035ms
    at C:\Users\sromankov\WebstormProjects\TypeScriptBasics\node_modules\selenium-webdriver\lib\promise.js:2201:17
    at process._tickCallback (internal/process/next_tick.js:68:7) name: 'TimeoutError', remoteStacktrace: '' }
[2019-10-20T15:11:36.482] [ERROR] default - { TimeoutError: Element By(css selector, li[data-section-name='suppliers'] .menu-text) is not clickable
Wait timed out after 5056ms
    at C:\Users\sromankov\WebstormProjects\TypeScriptBasics\node_modules\selenium-webdriver\lib\promise.js:2201:17
    at process._tickCallback (internal/process/next_tick.js:68:7) name: 'TimeoutError', remoteStacktrace: '' }
[2019-10-20T15:13:02.544] [ERROR] default - { TimeoutError: Element By(css selector, li[data-section-name='suppliers'] .menu-text) is not clickable
Wait timed out after 5062ms
    at C:\Users\sromankov\WebstormProjects\TypeScriptBasics\node_modules\selenium-webdriver\lib\promise.js:2201:17
    at process._tickCallback (internal/process/next_tick.js:68:7) name: 'TimeoutError', remoteStacktrace: '' }
[2019-10-20T15:13:54.316] [ERROR] default - { TimeoutError: Element By(css selector, li[data-section-name='suppliers'] .menu-text) is not clickable
Wait timed out after 5054ms
    at C:\Users\sromankov\WebstormProjects\TypeScriptBasics\node_modules\selenium-webdriver\lib\promise.js:2201:17
    at process._tickCallback (internal/process/next_tick.js:68:7) name: 'TimeoutError', remoteStacktrace: '' }
[2019-10-20T15:17:31.870] [ERROR] default - { TimeoutError: Element By(css selector, li[data-section-name='suppliers'] .menu-text) is not clickable
Wait timed out after 5061ms
    at C:\Users\sromankov\WebstormProjects\TypeScriptBasics\node_modules\selenium-webdriver\lib\promise.js:2201:17
    at process._tickCallback (internal/process/next_tick.js:68:7) name: 'TimeoutError', remoteStacktrace: '' }
[2019-10-20T16:40:35.372] [ERROR] default - { TimeoutError: Element By(css selector, li[data-section-name='suppliers'] .menu-text) is not clickable
Wait timed out after 5064ms
    at C:\Users\sromankov\WebstormProjects\TypeScriptBasics\node_modules\selenium-webdriver\lib\promise.js:2201:17
    at process._tickCallback (internal/process/next_tick.js:68:7) name: 'TimeoutError', remoteStacktrace: '' }
[2019-10-20T16:40:57.329] [ERROR] default - { TimeoutError: Wait timed out after 10002ms
    at C:\Users\sromankov\WebstormProjects\TypeScriptBasics\node_modules\selenium-webdriver\lib\promise.js:2201:17
    at process._tickCallback (internal/process/next_tick.js:68:7) name: 'TimeoutError', remoteStacktrace: '' }
[2019-10-20T16:41:06.367] [ERROR] default - { TimeoutError: Element By(xpath, (//tbody/tr[1]//span[1]/span[@name='Vendor Office'])[last()]) is not clickable
Wait timed out after 7488ms
    at C:\Users\sromankov\WebstormProjects\TypeScriptBasics\node_modules\selenium-webdriver\lib\promise.js:2201:17
    at process._tickCallback (internal/process/next_tick.js:68:7) name: 'TimeoutError', remoteStacktrace: '' }
[2019-10-20T16:43:02.505] [ERROR] default - { TimeoutError: Wait timed out after 10003ms
    at C:\Users\sromankov\WebstormProjects\TypeScriptBasics\node_modules\selenium-webdriver\lib\promise.js:2201:17
    at process._tickCallback (internal/process/next_tick.js:68:7) name: 'TimeoutError', remoteStacktrace: '' }
[2019-10-20T16:47:08.152] [ERROR] default - { TimeoutError: Wait timed out after 10005ms
    at C:\Users\sromankov\WebstormProjects\TypeScriptBasics\node_modules\selenium-webdriver\lib\promise.js:2201:17
    at process._tickCallback (internal/process/next_tick.js:68:7) name: 'TimeoutError', remoteStacktrace: '' }
[2019-10-20T16:48:31.116] [ERROR] default - { TimeoutError: Wait timed out after 10005ms
    at C:\Users\sromankov\WebstormProjects\TypeScriptBasics\node_modules\selenium-webdriver\lib\promise.js:2201:17
    at process._tickCallback (internal/process/next_tick.js:68:7) name: 'TimeoutError', remoteStacktrace: '' }
[2019-10-20T18:47:34.901] [ERROR] default - { TimeoutError: Wait timed out after 10001ms
    at C:\Users\sromankov\WebstormProjects\TypeScriptBasics\node_modules\selenium-webdriver\lib\promise.js:2201:17
    at process._tickCallback (internal/process/next_tick.js:68:7) name: 'TimeoutError', remoteStacktrace: '' }
[2019-10-20T18:48:46.478] [ERROR] default - { TimeoutError: Wait timed out after 10005ms
    at C:\Users\sromankov\WebstormProjects\TypeScriptBasics\node_modules\selenium-webdriver\lib\promise.js:2201:17
    at process._tickCallback (internal/process/next_tick.js:68:7) name: 'TimeoutError', remoteStacktrace: '' }
[2019-10-20T18:53:25.747] [ERROR] default - { TimeoutError: Wait timed out after 10000ms
    at C:\Users\sromankov\WebstormProjects\TypeScriptBasics\node_modules\selenium-webdriver\lib\promise.js:2201:17
    at process._tickCallback (internal/process/next_tick.js:68:7) name: 'TimeoutError', remoteStacktrace: '' }
[2019-10-20T18:55:08.740] [ERROR] default - { TimeoutError: Wait timed out after 10002ms
    at C:\Users\sromankov\WebstormProjects\TypeScriptBasics\node_modules\selenium-webdriver\lib\promise.js:2201:17
    at process._tickCallback (internal/process/next_tick.js:68:7) name: 'TimeoutError', remoteStacktrace: '' }
[2019-10-20T18:58:18.329] [ERROR] default - { TimeoutError: Wait timed out after 10009ms
    at C:\Users\sromankov\WebstormProjects\TypeScriptBasics\node_modules\selenium-webdriver\lib\promise.js:2201:17
    at process._tickCallback (internal/process/next_tick.js:68:7) name: 'TimeoutError', remoteStacktrace: '' }
[2019-10-20T19:00:08.300] [ERROR] default - { TimeoutError: Wait timed out after 10004ms
    at C:\Users\sromankov\WebstormProjects\TypeScriptBasics\node_modules\selenium-webdriver\lib\promise.js:2201:17
    at process._tickCallback (internal/process/next_tick.js:68:7) name: 'TimeoutError', remoteStacktrace: '' }
[2019-10-20T19:02:08.484] [ERROR] default - { TimeoutError: Wait timed out after 10002ms
    at C:\Users\sromankov\WebstormProjects\TypeScriptBasics\node_modules\selenium-webdriver\lib\promise.js:2201:17
    at process._tickCallback (internal/process/next_tick.js:68:7) name: 'TimeoutError', remoteStacktrace: '' }
[2019-10-20T19:02:36.527] [ERROR] default - Element By(xpath, (//a[contains(@href, 'grid')])[1]) is not clickable
TimeoutError: Element By(xpath, (//a[contains(@href, 'grid')])[1]) is not clickable
Wait timed out after 26516ms
[2019-10-20T19:03:47.276] [ERROR] default - { TimeoutError: Wait timed out after 10001ms
    at C:\Users\sromankov\WebstormProjects\TypeScriptBasics\node_modules\selenium-webdriver\lib\promise.js:2201:17
    at process._tickCallback (internal/process/next_tick.js:68:7) name: 'TimeoutError', remoteStacktrace: '' }
[2019-10-20T19:04:15.352] [ERROR] default - Element By(xpath, (//a[contains(@href, 'grid')])[1]) is not clickable
TimeoutError: Element By(xpath, (//a[contains(@href, 'grid')])[1]) is not clickable
Wait timed out after 26626ms
[2019-10-20T19:15:03.863] [ERROR] default - { TimeoutError: Wait timed out after 10004ms
    at C:\Users\sromankov\WebstormProjects\TypeScriptBasics\node_modules\selenium-webdriver\lib\promise.js:2201:17
    at process._tickCallback (internal/process/next_tick.js:68:7) name: 'TimeoutError', remoteStacktrace: '' }
[2019-10-20T19:15:32.081] [ERROR] default - Element By(xpath, (//a[contains(@href, 'grid')])[1]) is not clickable
TimeoutError: Element By(xpath, (//a[contains(@href, 'grid')])[1]) is not clickable
Wait timed out after 26662ms
[2019-10-20T19:17:53.147] [ERROR] default - { TimeoutError: Wait timed out after 10002ms
    at C:\Users\sromankov\WebstormProjects\TypeScriptBasics\node_modules\selenium-webdriver\lib\promise.js:2201:17
    at process._tickCallback (internal/process/next_tick.js:68:7) name: 'TimeoutError', remoteStacktrace: '' }
[2019-10-20T19:22:22.555] [ERROR] default - { TimeoutError: Wait timed out after 10003ms
    at C:\Users\sromankov\WebstormProjects\TypeScriptBasics\node_modules\selenium-webdriver\lib\promise.js:2201:17
    at process._tickCallback (internal/process/next_tick.js:68:7) name: 'TimeoutError', remoteStacktrace: '' }
[2019-10-20T19:27:55.977] [ERROR] default - { TimeoutError: Wait timed out after 10002ms
    at C:\Users\sromankov\WebstormProjects\TypeScriptBasics\node_modules\selenium-webdriver\lib\promise.js:2201:17
    at process._tickCallback (internal/process/next_tick.js:68:7) name: 'TimeoutError', remoteStacktrace: '' }
[2019-10-20T19:30:00.134] [ERROR] default - { TimeoutError: Wait timed out after 10000ms
    at C:\Users\sromankov\WebstormProjects\TypeScriptBasics\node_modules\selenium-webdriver\lib\promise.js:2201:17
    at process._tickCallback (internal/process/next_tick.js:68:7) name: 'TimeoutError', remoteStacktrace: '' }
[2019-10-20T19:32:16.874] [ERROR] default - { WebDriverError: Session [88b9913b359e84b982d85d9441e46488] was terminated due to CLIENT_GONE
    at Object.checkLegacyResponse (C:\Users\sromankov\WebstormProjects\TypeScriptBasics\node_modules\selenium-webdriver\lib\error.js:546:15)
    at parseHttpResponse (C:\Users\sromankov\WebstormProjects\TypeScriptBasics\node_modules\selenium-webdriver\lib\http.js:509:13)
    at doSend.then.response (C:\Users\sromankov\WebstormProjects\TypeScriptBasics\node_modules\selenium-webdriver\lib\http.js:441:30)
    at process._tickCallback (internal/process/next_tick.js:68:7) name: 'WebDriverError', remoteStacktrace: '' }
[2019-10-20T19:32:16.888] [ERROR] default - { WebDriverError: Session [88b9913b359e84b982d85d9441e46488] was terminated due to CLIENT_GONE
    at Object.checkLegacyResponse (C:\Users\sromankov\WebstormProjects\TypeScriptBasics\node_modules\selenium-webdriver\lib\error.js:546:15)
    at parseHttpResponse (C:\Users\sromankov\WebstormProjects\TypeScriptBasics\node_modules\selenium-webdriver\lib\http.js:509:13)
    at doSend.then.response (C:\Users\sromankov\WebstormProjects\TypeScriptBasics\node_modules\selenium-webdriver\lib\http.js:441:30)
    at process._tickCallback (internal/process/next_tick.js:68:7) name: 'WebDriverError', remoteStacktrace: '' }
[2019-10-20T19:32:57.782] [ERROR] default - { TimeoutError: Wait timed out after 10007ms
    at C:\Users\sromankov\WebstormProjects\TypeScriptBasics\node_modules\selenium-webdriver\lib\promise.js:2201:17
    at process._tickCallback (internal/process/next_tick.js:68:7) name: 'TimeoutError', remoteStacktrace: '' }
[2019-10-20T19:35:29.640] [ERROR] default - { TimeoutError: Wait timed out after 10004ms
    at C:\Users\sromankov\WebstormProjects\TypeScriptBasics\node_modules\selenium-webdriver\lib\promise.js:2201:17
    at process._tickCallback (internal/process/next_tick.js:68:7) name: 'TimeoutError', remoteStacktrace: '' }
[2019-10-20T19:36:09.892] [ERROR] default - { TimeoutError: Element By(css selector, *[id="reset_password_newPassword_first"]) is not visible
Wait timed out after 26864ms
    at C:\Users\sromankov\WebstormProjects\TypeScriptBasics\node_modules\selenium-webdriver\lib\promise.js:2201:17
    at process._tickCallback (internal/process/next_tick.js:68:7) name: 'TimeoutError', remoteStacktrace: '' }
[2019-10-20T19:51:52.297] [ERROR] default - { TimeoutError: Wait timed out after 10008ms
    at C:\Users\sromankov\WebstormProjects\TypeScriptBasics\node_modules\selenium-webdriver\lib\promise.js:2201:17
    at process._tickCallback (internal/process/next_tick.js:68:7) name: 'TimeoutError', remoteStacktrace: '' }
[2019-10-20T20:03:04.132] [ERROR] default - { TimeoutError: Wait timed out after 10000ms
    at C:\Users\sromankov\WebstormProjects\TypeScriptBasics\node_modules\selenium-webdriver\lib\promise.js:2201:17
    at process._tickCallback (internal/process/next_tick.js:68:7) name: 'TimeoutError', remoteStacktrace: '' }
[2019-10-20T20:06:13.442] [ERROR] default - { TimeoutError: Wait timed out after 10008ms
    at C:\Users\sromankov\WebstormProjects\TypeScriptBasics\node_modules\selenium-webdriver\lib\promise.js:2201:17
    at process._tickCallback (internal/process/next_tick.js:68:7) name: 'TimeoutError', remoteStacktrace: '' }
[2019-10-20T20:09:28.187] [ERROR] default - { TimeoutError: Wait timed out after 10005ms
    at C:\Users\sromankov\WebstormProjects\TypeScriptBasics\node_modules\selenium-webdriver\lib\promise.js:2201:17
    at process._tickCallback (internal/process/next_tick.js:68:7) name: 'TimeoutError', remoteStacktrace: '' }
[2019-10-20T20:11:42.490] [ERROR] default - { TimeoutError: Wait timed out after 10003ms
    at C:\Users\sromankov\WebstormProjects\TypeScriptBasics\node_modules\selenium-webdriver\lib\promise.js:2201:17
    at process._tickCallback (internal/process/next_tick.js:68:7) name: 'TimeoutError', remoteStacktrace: '' }
[2019-10-20T20:12:16.402] [ERROR] default - { NoSuchWindowError: no such window: target window already closed
from unknown error: web view not found
  (Session info: chrome=77.0.3865.120)
    at Object.throwDecodedError (C:\Users\sromankov\WebstormProjects\TypeScriptBasics\node_modules\selenium-webdriver\lib\error.js:514:15)
    at parseHttpResponse (C:\Users\sromankov\WebstormProjects\TypeScriptBasics\node_modules\selenium-webdriver\lib\http.js:519:13)
    at doSend.then.response (C:\Users\sromankov\WebstormProjects\TypeScriptBasics\node_modules\selenium-webdriver\lib\http.js:441:30)
    at process._tickCallback (internal/process/next_tick.js:68:7)
  name: 'NoSuchWindowError',
  remoteStacktrace:
   'Backtrace:\n\tOrdinal0 [0x0031EB13+1501971]\n\tOrdinal0 [0x0029F6D1+980689]\n\tOrdinal0 [0x0022765F+489055]\n\tOrdinal0 [0x00219D57+433495]\n\tOrdinal0 [0x001D8231+164401]\n\tOrdinal0 [0x001DF509+193801]\n\tOrdinal0 [0x001D78EB+162027]\n\tOrdinal0 [0x001C0AC7+68295]\n\tOrdinal0 [0x001C1B40+72512]\n\tOrdinal0 [0x001C1AD9+72409]\n\tOrdinal0 [0x002B8F37+1085239]\n\tGetHandleVerifier [0x003BD7ED+503293]\n\tGetHandleVerifier [0x003BD580+502672]\n\tGetHandleVerifier [0x003C46AC+531644]\n\tGetHandleVerifier [0x003BDFFA+505354]\n\tOrdinal0 [0x002B0606+1050118]\n\tOrdinal0 [0x002B047F+1049727]\n\tOrdinal0 [0x002BAF9B+1093531]\n\tOrdinal0 [0x002BB103+1093891]\n\tOrdinal0 [0x002BA095+1089685]\n\tBaseThreadInitThunk [0x76568744+36]\n\tRtlGetAppContainerNamedObjectPath [0x77DB582D+253]\n\tRtlGetAppContainerNamedObjectPath [0x77DB57FD+205]\n' }
[2019-10-20T20:13:39.126] [ERROR] default - { TimeoutError: Wait timed out after 10003ms
    at C:\Users\sromankov\WebstormProjects\TypeScriptBasics\node_modules\selenium-webdriver\lib\promise.js:2201:17
    at process._tickCallback (internal/process/next_tick.js:68:7) name: 'TimeoutError', remoteStacktrace: '' }
[2019-10-20T20:14:19.005] [ERROR] default - { TimeoutError: Element By(css selector, #reset_password_newPassword_first) is not visible
Wait timed out after 26821ms
    at C:\Users\sromankov\WebstormProjects\TypeScriptBasics\node_modules\selenium-webdriver\lib\promise.js:2201:17
    at process._tickCallback (internal/process/next_tick.js:68:7) name: 'TimeoutError', remoteStacktrace: '' }
[2019-10-20T20:17:37.341] [ERROR] default - { TimeoutError: Wait timed out after 10008ms
    at C:\Users\sromankov\WebstormProjects\TypeScriptBasics\node_modules\selenium-webdriver\lib\promise.js:2201:17
    at process._tickCallback (internal/process/next_tick.js:68:7) name: 'TimeoutError', remoteStacktrace: '' }
[2019-10-20T20:21:59.656] [ERROR] default - { TimeoutError: Wait timed out after 10004ms
    at C:\Users\sromankov\WebstormProjects\TypeScriptBasics\node_modules\selenium-webdriver\lib\promise.js:2201:17
    at process._tickCallback (internal/process/next_tick.js:68:7) name: 'TimeoutError', remoteStacktrace: '' }
[2019-10-20T20:24:37.093] [ERROR] default - { TimeoutError: Wait timed out after 10007ms
    at C:\Users\sromankov\WebstormProjects\TypeScriptBasics\node_modules\selenium-webdriver\lib\promise.js:2201:17
    at process._tickCallback (internal/process/next_tick.js:68:7) name: 'TimeoutError', remoteStacktrace: '' }
[2019-10-20T20:33:24.455] [ERROR] default - { TimeoutError: Wait timed out after 10003ms
    at C:\Users\sromankov\WebstormProjects\TypeScriptBasics\node_modules\selenium-webdriver\lib\promise.js:2201:17
    at process._tickCallback (internal/process/next_tick.js:68:7) name: 'TimeoutError', remoteStacktrace: '' }
[2019-10-20T20:36:01.123] [ERROR] default - { TimeoutError: Wait timed out after 10000ms
    at C:\Users\sromankov\WebstormProjects\TypeScriptBasics\node_modules\selenium-webdriver\lib\promise.js:2201:17
    at process._tickCallback (internal/process/next_tick.js:68:7) name: 'TimeoutError', remoteStacktrace: '' }
[2019-10-20T20:38:17.087] [ERROR] default - { TimeoutError: Wait timed out after 10002ms
    at C:\Users\sromankov\WebstormProjects\TypeScriptBasics\node_modules\selenium-webdriver\lib\promise.js:2201:17
    at process._tickCallback (internal/process/next_tick.js:68:7) name: 'TimeoutError', remoteStacktrace: '' }
[2019-10-20T20:42:21.440] [ERROR] default - { TimeoutError: Wait timed out after 10003ms
    at C:\Users\sromankov\WebstormProjects\TypeScriptBasics\node_modules\selenium-webdriver\lib\promise.js:2201:17
    at process._tickCallback (internal/process/next_tick.js:68:7) name: 'TimeoutError', remoteStacktrace: '' }
[2019-10-20T20:43:29.395] [ERROR] default - { TimeoutError: Wait timed out after 10001ms
    at C:\Users\sromankov\WebstormProjects\TypeScriptBasics\node_modules\selenium-webdriver\lib\promise.js:2201:17
    at process._tickCallback (internal/process/next_tick.js:68:7) name: 'TimeoutError', remoteStacktrace: '' }
[2019-10-20T20:44:12.432] [ERROR] default - Element By(css selector, .send-email-modal--content .m-checkbox svg) is not clickable
TimeoutError: Element By(css selector, .send-email-modal--content .m-checkbox svg) is not clickable
Wait timed out after 25178ms
[2019-10-20T20:45:10.337] [ERROR] default - { TimeoutError: Wait timed out after 10002ms
    at C:\Users\sromankov\WebstormProjects\TypeScriptBasics\node_modules\selenium-webdriver\lib\promise.js:2201:17
    at process._tickCallback (internal/process/next_tick.js:68:7) name: 'TimeoutError', remoteStacktrace: '' }
[2019-10-20T20:46:27.107] [ERROR] default - Element By(css selector, .send-email-modal--content .m-checkbox svg) is not clickable
TimeoutError: Element By(css selector, .send-email-modal--content .m-checkbox svg) is not clickable
Wait timed out after 60360ms
[2019-10-20T20:56:00.626] [ERROR] default - { TimeoutError: Wait timed out after 10000ms
    at C:\Users\sromankov\WebstormProjects\TypeScriptBasics\node_modules\selenium-webdriver\lib\promise.js:2201:17
    at process._tickCallback (internal/process/next_tick.js:68:7) name: 'TimeoutError', remoteStacktrace: '' }
[2019-10-20T20:57:21.541] [ERROR] default - Element By(css selector, .send-email-modal--content .m-checkbox svg) is not clickable
TimeoutError: Element By(css selector, .send-email-modal--content .m-checkbox svg) is not clickable
Wait timed out after 60364ms
[2019-10-20T20:59:30.947] [ERROR] default - { TimeoutError: Wait timed out after 10002ms
    at C:\Users\sromankov\WebstormProjects\TypeScriptBasics\node_modules\selenium-webdriver\lib\promise.js:2201:17
    at process._tickCallback (internal/process/next_tick.js:68:7) name: 'TimeoutError', remoteStacktrace: '' }
[2019-10-20T21:00:49.581] [ERROR] default - Element By(css selector, .send-email-modal--content .m-checkbox svg) is not clickable
TimeoutError: Element By(css selector, .send-email-modal--content .m-checkbox svg) is not clickable
Wait timed out after 60312ms
[2019-10-20T21:03:37.097] [ERROR] default - { TimeoutError: Wait timed out after 10007ms
    at C:\Users\sromankov\WebstormProjects\TypeScriptBasics\node_modules\selenium-webdriver\lib\promise.js:2201:17
    at process._tickCallback (internal/process/next_tick.js:68:7) name: 'TimeoutError', remoteStacktrace: '' }
[2019-10-20T21:12:34.912] [ERROR] default - { TimeoutError: Wait timed out after 10000ms
    at C:\Users\sromankov\WebstormProjects\TypeScriptBasics\node_modules\selenium-webdriver\lib\promise.js:2201:17
    at process._tickCallback (internal/process/next_tick.js:68:7) name: 'TimeoutError', remoteStacktrace: '' }
[2019-10-20T21:13:15.504] [ERROR] default - { TimeoutError: Element By(css selector, #reset_password_newPassword_first) is not visible
Wait timed out after 25216ms
    at C:\Users\sromankov\WebstormProjects\TypeScriptBasics\node_modules\selenium-webdriver\lib\promise.js:2201:17
    at process._tickCallback (internal/process/next_tick.js:68:7) name: 'TimeoutError', remoteStacktrace: '' }
[2019-10-20T21:15:50.488] [ERROR] default - { TimeoutError: Wait timed out after 10001ms
    at C:\Users\sromankov\WebstormProjects\TypeScriptBasics\node_modules\selenium-webdriver\lib\promise.js:2201:17
    at process._tickCallback (internal/process/next_tick.js:68:7) name: 'TimeoutError', remoteStacktrace: '' }
[2019-10-20T21:16:20.948] [ERROR] default - { TimeoutError: Element By(css selector, input[type='password']) is not visible
Wait timed out after 25014ms
    at C:\Users\sromankov\WebstormProjects\TypeScriptBasics\node_modules\selenium-webdriver\lib\promise.js:2201:17
    at process._tickCallback (internal/process/next_tick.js:68:7) name: 'TimeoutError', remoteStacktrace: '' }
[2019-10-20T21:17:18.692] [ERROR] default - { TimeoutError: Wait timed out after 10003ms
    at C:\Users\sromankov\WebstormProjects\TypeScriptBasics\node_modules\selenium-webdriver\lib\promise.js:2201:17
    at process._tickCallback (internal/process/next_tick.js:68:7) name: 'TimeoutError', remoteStacktrace: '' }
[2019-10-20T21:17:46.992] [ERROR] default - Error: Error while waiting for Protractor to sync with the page: "both angularJS testability and angular testability are undefined.  This could be either because this is a non-angular page or because your test involves client-side navigation, which can interfere with Protractor's bootstrapping.  See http://git.io/v4gXM for details"
    at runWaitForAngularScript.then (C:\Users\sromankov\WebstormProjects\TypeScriptBasics\node_modules\protractor\built\browser.js:463:23)
    at process._tickCallback (internal/process/next_tick.js:68:7)Error
    at ElementArrayFinder.applyAction_ (C:\Users\sromankov\WebstormProjects\TypeScriptBasics\node_modules\protractor\built\element.js:459:27)
    at ElementArrayFinder.(anonymous function).args [as isDisplayed] (C:\Users\sromankov\WebstormProjects\TypeScriptBasics\node_modules\protractor\built\element.js:91:29)
    at WebElement.(anonymous function).args [as isDisplayed] (C:\Users\sromankov\WebstormProjects\TypeScriptBasics\node_modules\protractor\built\element.js:831:22)
    at and (C:\Users\sromankov\WebstormProjects\TypeScriptBasics\node_modules\protractor\built\expectedConditions.js:382:34)
    at C:\Users\sromankov\WebstormProjects\TypeScriptBasics\node_modules\protractor\built\expectedConditions.js:90:20
    at fn.then (C:\Users\sromankov\WebstormProjects\TypeScriptBasics\node_modules\protractor\built\expectedConditions.js:92:72)
    at process._tickCallback (internal/process/next_tick.js:68:7)
[2019-10-20T21:18:29.591] [ERROR] default - { TimeoutError: Wait timed out after 10007ms
    at C:\Users\sromankov\WebstormProjects\TypeScriptBasics\node_modules\selenium-webdriver\lib\promise.js:2201:17
    at process._tickCallback (internal/process/next_tick.js:68:7) name: 'TimeoutError', remoteStacktrace: '' }
[2019-10-20T21:18:42.805] [ERROR] default - Error: Error while waiting for Protractor to sync with the page: "both angularJS testability and angular testability are undefined.  This could be either because this is a non-angular page or because your test involves client-side navigation, which can interfere with Protractor's bootstrapping.  See http://git.io/v4gXM for details"
    at runWaitForAngularScript.then (C:\Users\sromankov\WebstormProjects\TypeScriptBasics\node_modules\protractor\built\browser.js:463:23)
    at process._tickCallback (internal/process/next_tick.js:68:7)
[2019-10-20T21:19:37.706] [ERROR] default - { TimeoutError: Wait timed out after 10003ms
    at C:\Users\sromankov\WebstormProjects\TypeScriptBasics\node_modules\selenium-webdriver\lib\promise.js:2201:17
    at process._tickCallback (internal/process/next_tick.js:68:7) name: 'TimeoutError', remoteStacktrace: '' }
[2019-10-20T21:19:50.283] [ERROR] default - Error: Error while waiting for Protractor to sync with the page: "both angularJS testability and angular testability are undefined.  This could be either because this is a non-angular page or because your test involves client-side navigation, which can interfere with Protractor's bootstrapping.  See http://git.io/v4gXM for details"
    at runWaitForAngularScript.then (C:\Users\sromankov\WebstormProjects\TypeScriptBasics\node_modules\protractor\built\browser.js:463:23)
    at process._tickCallback (internal/process/next_tick.js:68:7)
[2019-10-20T21:24:30.859] [ERROR] default - Error: Error while waiting for Protractor to sync with the page: "both angularJS testability and angular testability are undefined.  This could be either because this is a non-angular page or because your test involves client-side navigation, which can interfere with Protractor's bootstrapping.  See http://git.io/v4gXM for details"
    at runWaitForAngularScript.then (C:\Users\sromankov\WebstormProjects\TypeScriptBasics\node_modules\protractor\built\browser.js:463:23)
    at process._tickCallback (internal/process/next_tick.js:68:7)
[2019-10-20T21:32:32.114] [ERROR] default - Element By(css selector, li[data-section-name='suppliers'] .menu-text) is not clickable
Error: Error while waiting for Protractor to sync with the page: "both angularJS testability and angular testability are undefined.  This could be either because this is a non-angular page or because your test involves client-side navigation, which can interfere with Protractor's bootstrapping.  See http://git.io/v4gXM for details"
[2019-10-20T21:32:32.121] [ERROR] default - Element By(css selector, li[data-section-name='suppliers'] .menu-text) is not clickable
Error: Error while waiting for Protractor to sync with the page: "both angularJS testability and angular testability are undefined.  This could be either because this is a non-angular page or because your test involves client-side navigation, which can interfere with Protractor's bootstrapping.  See http://git.io/v4gXM for details"
[2019-10-20T21:33:04.878] [ERROR] default - Element By(css selector, li[data-section-name='suppliers'] .menu-text) is not clickable
Error: Error while waiting for Protractor to sync with the page: "both angularJS testability and angular testability are undefined.  This could be either because this is a non-angular page or because your test involves client-side navigation, which can interfere with Protractor's bootstrapping.  See http://git.io/v4gXM for details"
[2019-10-20T21:33:04.885] [ERROR] default - Element By(css selector, li[data-section-name='suppliers'] .menu-text) is not clickable
Error: Error while waiting for Protractor to sync with the page: "both angularJS testability and angular testability are undefined.  This could be either because this is a non-angular page or because your test involves client-side navigation, which can interfere with Protractor's bootstrapping.  See http://git.io/v4gXM for details"
[2019-10-20T21:34:14.195] [ERROR] default - Element By(xpath, //a[@data-name='pages.users']) is not clickable
Error: Error while waiting for Protractor to sync with the page: "both angularJS testability and angular testability are undefined.  This could be either because this is a non-angular page or because your test involves client-side navigation, which can interfere with Protractor's bootstrapping.  See http://git.io/v4gXM for details"
[2019-10-20T21:36:38.589] [ERROR] default - { TimeoutError: Wait timed out after 15006ms
    at C:\Users\sromankov\WebstormProjects\TypeScriptBasics\node_modules\selenium-webdriver\lib\promise.js:2201:17
    at process._tickCallback (internal/process/next_tick.js:68:7) name: 'TimeoutError', remoteStacktrace: '' }
[2019-10-20T21:37:55.934] [ERROR] default - Element By(css selector, .send-email-modal--content .m-checkbox svg) is not clickable
TimeoutError: Element By(css selector, .send-email-modal--content .m-checkbox svg) is not clickable
Wait timed out after 60347ms
[2019-10-20T21:39:02.346] [ERROR] default - { TimeoutError: Wait timed out after 15004ms
    at C:\Users\sromankov\WebstormProjects\TypeScriptBasics\node_modules\selenium-webdriver\lib\promise.js:2201:17
    at process._tickCallback (internal/process/next_tick.js:68:7) name: 'TimeoutError', remoteStacktrace: '' }
[2019-10-20T21:40:21.844] [ERROR] default - Element By(css selector, .send-email-modal--content .m-checkbox svg) is not clickable
TimeoutError: Element By(css selector, .send-email-modal--content .m-checkbox svg) is not clickable
Wait timed out after 60436ms
[2019-10-20T21:53:36.557] [ERROR] default - { TimeoutError: Wait timed out after 15002ms
    at C:\Users\sromankov\WebstormProjects\TypeScriptBasics\node_modules\selenium-webdriver\lib\promise.js:2201:17
    at process._tickCallback (internal/process/next_tick.js:68:7) name: 'TimeoutError', remoteStacktrace: '' }
[2019-10-20T21:56:29.397] [ERROR] default - { TimeoutError: Wait timed out after 15005ms
    at C:\Users\sromankov\WebstormProjects\TypeScriptBasics\node_modules\selenium-webdriver\lib\promise.js:2201:17
    at process._tickCallback (internal/process/next_tick.js:68:7) name: 'TimeoutError', remoteStacktrace: '' }
[2019-10-20T21:57:22.513] [ERROR] default - Element By(css selector, .send-email-modal--content .m-checkbox svg) is not clickable
WebDriverError: chrome not reachable
  (Session info: chrome=77.0.3865.120)
[2019-10-20T21:58:33.478] [ERROR] default - { TimeoutError: Wait timed out after 15005ms
    at C:\Users\sromankov\WebstormProjects\TypeScriptBasics\node_modules\selenium-webdriver\lib\promise.js:2201:17
    at process._tickCallback (internal/process/next_tick.js:68:7) name: 'TimeoutError', remoteStacktrace: '' }
[2019-10-20T21:58:58.596] [ERROR] default - { TimeoutError: Element By(css selector, *[id="identifierId"]) is not visible
Wait timed out after 25115ms
    at C:\Users\sromankov\WebstormProjects\TypeScriptBasics\node_modules\selenium-webdriver\lib\promise.js:2201:17
    at process._tickCallback (internal/process/next_tick.js:68:7) name: 'TimeoutError', remoteStacktrace: '' }
[2019-10-20T22:00:52.625] [ERROR] default - { TimeoutError: Wait timed out after 15007ms
    at C:\Users\sromankov\WebstormProjects\TypeScriptBasics\node_modules\selenium-webdriver\lib\promise.js:2201:17
    at process._tickCallback (internal/process/next_tick.js:68:7) name: 'TimeoutError', remoteStacktrace: '' }
[2019-10-20T22:01:17.840] [ERROR] default - { TimeoutError: Element By(css selector, *[id="identifierId"]) is not visible
Wait timed out after 25213ms
    at C:\Users\sromankov\WebstormProjects\TypeScriptBasics\node_modules\selenium-webdriver\lib\promise.js:2201:17
    at process._tickCallback (internal/process/next_tick.js:68:7) name: 'TimeoutError', remoteStacktrace: '' }
[2019-10-20T22:02:52.114] [ERROR] default - { TimeoutError: Wait timed out after 15001ms
    at C:\Users\sromankov\WebstormProjects\TypeScriptBasics\node_modules\selenium-webdriver\lib\promise.js:2201:17
    at process._tickCallback (internal/process/next_tick.js:68:7) name: 'TimeoutError', remoteStacktrace: '' }
[2019-10-20T22:04:09.999] [ERROR] default - Element By(css selector, .send-email-modal--content .m-checkbox svg) is not clickable
TimeoutError: Element By(css selector, .send-email-modal--content .m-checkbox svg) is not clickable
Wait timed out after 60358ms
[2019-10-20T22:05:44.848] [ERROR] default - { TimeoutError: Wait timed out after 15002ms
    at C:\Users\sromankov\WebstormProjects\TypeScriptBasics\node_modules\selenium-webdriver\lib\promise.js:2201:17
    at process._tickCallback (internal/process/next_tick.js:68:7) name: 'TimeoutError', remoteStacktrace: '' }
[2019-10-20T22:06:49.367] [ERROR] default - Element By(css selector, .send-email-modal--content .m-checkbox svg) is not clickable
NoSuchWindowError: no such window: target window already closed
from unknown error: web view not found
  (Session info: chrome=77.0.3865.120)
[2019-10-20T22:11:17.847] [ERROR] default - { TimeoutError: Wait timed out after 15006ms
    at C:\Users\sromankov\WebstormProjects\TypeScriptBasics\node_modules\selenium-webdriver\lib\promise.js:2201:17
    at process._tickCallback (internal/process/next_tick.js:68:7) name: 'TimeoutError', remoteStacktrace: '' }
[2019-10-20T22:23:06.255] [ERROR] default - { TimeoutError: Wait timed out after 15003ms
    at C:\Users\sromankov\WebstormProjects\TypeScriptBasics\node_modules\selenium-webdriver\lib\promise.js:2201:17
    at process._tickCallback (internal/process/next_tick.js:68:7) name: 'TimeoutError', remoteStacktrace: '' }
[2019-10-20T22:42:06.496] [ERROR] default - { TimeoutError: Wait timed out after 15007ms
    at C:\Users\sromankov\WebstormProjects\TypeScriptBasics\node_modules\selenium-webdriver\lib\promise.js:2201:17
    at process._tickCallback (internal/process/next_tick.js:68:7) name: 'TimeoutError', remoteStacktrace: '' }
[2019-10-20T22:43:38.175] [ERROR] default - { TimeoutError: Wait timed out after 15005ms
    at C:\Users\sromankov\WebstormProjects\TypeScriptBasics\node_modules\selenium-webdriver\lib\promise.js:2201:17
    at process._tickCallback (internal/process/next_tick.js:68:7) name: 'TimeoutError', remoteStacktrace: '' }
[2019-10-20T22:44:19.863] [ERROR] default - { TimeoutError: Element By(css selector, #reset_password_newPassword_first) is not visible
Wait timed out after 25134ms
    at C:\Users\sromankov\WebstormProjects\TypeScriptBasics\node_modules\selenium-webdriver\lib\promise.js:2201:17
    at process._tickCallback (internal/process/next_tick.js:68:7) name: 'TimeoutError', remoteStacktrace: '' }
[2019-10-20T22:47:39.736] [ERROR] default - { TimeoutError: Wait timed out after 15001ms
    at C:\Users\sromankov\WebstormProjects\TypeScriptBasics\node_modules\selenium-webdriver\lib\promise.js:2201:17
    at process._tickCallback (internal/process/next_tick.js:68:7) name: 'TimeoutError', remoteStacktrace: '' }
[2019-10-20T22:48:22.406] [ERROR] default - { TimeoutError: Element By(css selector, #reset_password_newPassword_first) is not visible
Wait timed out after 25113ms
    at C:\Users\sromankov\WebstormProjects\TypeScriptBasics\node_modules\selenium-webdriver\lib\promise.js:2201:17
    at process._tickCallback (internal/process/next_tick.js:68:7) name: 'TimeoutError', remoteStacktrace: '' }
[2019-10-20T22:50:20.018] [ERROR] default - { TimeoutError: Wait timed out after 15006ms
    at C:\Users\sromankov\WebstormProjects\TypeScriptBasics\node_modules\selenium-webdriver\lib\promise.js:2201:17
    at process._tickCallback (internal/process/next_tick.js:68:7) name: 'TimeoutError', remoteStacktrace: '' }
[2019-10-20T22:51:03.448] [ERROR] default - { TimeoutError: Element By(css selector, #reset_password_newPassword_first) is not visible
Wait timed out after 25167ms
    at C:\Users\sromankov\WebstormProjects\TypeScriptBasics\node_modules\selenium-webdriver\lib\promise.js:2201:17
    at process._tickCallback (internal/process/next_tick.js:68:7) name: 'TimeoutError', remoteStacktrace: '' }
[2019-10-20T22:52:52.212] [ERROR] default - { TimeoutError: Wait timed out after 15007ms
    at C:\Users\sromankov\WebstormProjects\TypeScriptBasics\node_modules\selenium-webdriver\lib\promise.js:2201:17
    at process._tickCallback (internal/process/next_tick.js:68:7) name: 'TimeoutError', remoteStacktrace: '' }
[2019-10-20T22:53:29.736] [ERROR] default - { TimeoutError: Element By(css selector, #reset_password_newPassword_first) is not visible
Wait timed out after 25162ms
    at C:\Users\sromankov\WebstormProjects\TypeScriptBasics\node_modules\selenium-webdriver\lib\promise.js:2201:17
    at process._tickCallback (internal/process/next_tick.js:68:7) name: 'TimeoutError', remoteStacktrace: '' }
[2019-10-20T23:02:38.473] [ERROR] default - { TimeoutError: Wait timed out after 15009ms
    at C:\Users\sromankov\WebstormProjects\TypeScriptBasics\node_modules\selenium-webdriver\lib\promise.js:2201:17
    at process._tickCallback (internal/process/next_tick.js:68:7) name: 'TimeoutError', remoteStacktrace: '' }
[2019-10-20T23:04:25.621] [ERROR] default - { TimeoutError: Wait timed out after 15007ms
    at C:\Users\sromankov\WebstormProjects\TypeScriptBasics\node_modules\selenium-webdriver\lib\promise.js:2201:17
    at process._tickCallback (internal/process/next_tick.js:68:7) name: 'TimeoutError', remoteStacktrace: '' }
[2019-10-21T08:10:37.968] [ERROR] default - { TimeoutError: Wait timed out after 15003ms
    at C:\Users\sromankov\WebstormProjects\TypeScriptBasics\node_modules\selenium-webdriver\lib\promise.js:2201:17
    at process._tickCallback (internal/process/next_tick.js:68:7) name: 'TimeoutError', remoteStacktrace: '' }
[2019-10-21T08:12:26.301] [ERROR] default - { TimeoutError: Wait timed out after 15000ms
    at C:\Users\sromankov\WebstormProjects\TypeScriptBasics\node_modules\selenium-webdriver\lib\promise.js:2201:17
    at process._tickCallback (internal/process/next_tick.js:68:7) name: 'TimeoutError', remoteStacktrace: '' }
[2019-10-21T08:16:51.388] [ERROR] default - { TimeoutError: Wait timed out after 15003ms
    at C:\Users\sromankov\WebstormProjects\TypeScriptBasics\node_modules\selenium-webdriver\lib\promise.js:2201:17
    at process._tickCallback (internal/process/next_tick.js:68:7) name: 'TimeoutError', remoteStacktrace: '' }
[2019-10-21T08:43:37.898] [ERROR] default - { TimeoutError: Wait timed out after 15005ms
    at C:\Users\sromankov\WebstormProjects\TypeScriptBasics\node_modules\selenium-webdriver\lib\promise.js:2201:17
    at process._tickCallback (internal/process/next_tick.js:68:7) name: 'TimeoutError', remoteStacktrace: '' }
[2019-10-21T08:47:32.070] [ERROR] default - { TimeoutError: Wait timed out after 15004ms
    at C:\Users\sromankov\WebstormProjects\TypeScriptBasics\node_modules\selenium-webdriver\lib\promise.js:2201:17
    at process._tickCallback (internal/process/next_tick.js:68:7) name: 'TimeoutError', remoteStacktrace: '' }
[2019-10-21T08:54:59.402] [ERROR] default - { TimeoutError: Wait timed out after 15000ms
    at C:\Users\sromankov\WebstormProjects\TypeScriptBasics\node_modules\selenium-webdriver\lib\promise.js:2201:17
    at process._tickCallback (internal/process/next_tick.js:68:7) name: 'TimeoutError', remoteStacktrace: '' }
[2019-10-21T09:01:32.764] [ERROR] default - { TimeoutError: Wait timed out after 15005ms
    at C:\Users\sromankov\WebstormProjects\TypeScriptBasics\node_modules\selenium-webdriver\lib\promise.js:2201:17
    at process._tickCallback (internal/process/next_tick.js:68:7) name: 'TimeoutError', remoteStacktrace: '' }
[2019-10-21T09:03:46.390] [ERROR] default - { TimeoutError: Wait timed out after 15004ms
    at C:\Users\sromankov\WebstormProjects\TypeScriptBasics\node_modules\selenium-webdriver\lib\promise.js:2201:17
    at process._tickCallback (internal/process/next_tick.js:68:7) name: 'TimeoutError', remoteStacktrace: '' }
[2019-10-21T09:05:38.622] [ERROR] default - { TimeoutError: Wait timed out after 15003ms
    at C:\Users\sromankov\WebstormProjects\TypeScriptBasics\node_modules\selenium-webdriver\lib\promise.js:2201:17
    at process._tickCallback (internal/process/next_tick.js:68:7) name: 'TimeoutError', remoteStacktrace: '' }
[2019-10-21T09:06:16.472] [ERROR] default - { TimeoutError: Element By(css selector, #reset_password_newPassword_first) is not visible
Wait timed out after 25200ms
    at C:\Users\sromankov\WebstormProjects\TypeScriptBasics\node_modules\selenium-webdriver\lib\promise.js:2201:17
    at process._tickCallback (internal/process/next_tick.js:68:7) name: 'TimeoutError', remoteStacktrace: '' }
[2019-10-21T09:09:18.051] [ERROR] default - { TimeoutError: Wait timed out after 15001ms
    at C:\Users\sromankov\WebstormProjects\TypeScriptBasics\node_modules\selenium-webdriver\lib\promise.js:2201:17
    at process._tickCallback (internal/process/next_tick.js:68:7) name: 'TimeoutError', remoteStacktrace: '' }
[2019-10-21T09:09:43.180] [ERROR] default - { TimeoutError: Element By(css selector, *[id="identifierId"]) is not visible
Wait timed out after 25127ms
    at C:\Users\sromankov\WebstormProjects\TypeScriptBasics\node_modules\selenium-webdriver\lib\promise.js:2201:17
    at process._tickCallback (internal/process/next_tick.js:68:7) name: 'TimeoutError', remoteStacktrace: '' }
[2019-10-21T09:11:06.021] [ERROR] default - { TimeoutError: Wait timed out after 15002ms
    at C:\Users\sromankov\WebstormProjects\TypeScriptBasics\node_modules\selenium-webdriver\lib\promise.js:2201:17
    at process._tickCallback (internal/process/next_tick.js:68:7) name: 'TimeoutError', remoteStacktrace: '' }
[2019-10-21T09:14:14.873] [ERROR] default - { TimeoutError: Wait timed out after 15007ms
    at C:\Users\sromankov\WebstormProjects\TypeScriptBasics\node_modules\selenium-webdriver\lib\promise.js:2201:17
    at process._tickCallback (internal/process/next_tick.js:68:7) name: 'TimeoutError', remoteStacktrace: '' }
[2019-10-21T09:16:28.245] [ERROR] default - { TimeoutError: Wait timed out after 15001ms
    at C:\Users\sromankov\WebstormProjects\TypeScriptBasics\node_modules\selenium-webdriver\lib\promise.js:2201:17
    at process._tickCallback (internal/process/next_tick.js:68:7) name: 'TimeoutError', remoteStacktrace: '' }
[2019-10-21T09:38:26.096] [ERROR] default - { TimeoutError: Wait timed out after 15003ms
    at C:\Users\sromankov\WebstormProjects\TypeScriptBasics\node_modules\selenium-webdriver\lib\promise.js:2201:17
    at process._tickCallback (internal/process/next_tick.js:68:7) name: 'TimeoutError', remoteStacktrace: '' }
[2019-10-21T09:38:53.251] [ERROR] default - { TimeoutError: Wait timed out after 15003ms
    at C:\Users\sromankov\WebstormProjects\TypeScriptBasics\node_modules\selenium-webdriver\lib\promise.js:2201:17
    at process._tickCallback (internal/process/next_tick.js:68:7) name: 'TimeoutError', remoteStacktrace: '' }
[2019-10-21T09:39:02.852] [ERROR] default - Element By(css selector, .send-email-modal--content .m-checkbox svg) is not clickable
WebDriverError: chrome not reachable
  (Session info: chrome=77.0.3865.120)
[2019-10-21T09:41:48.565] [ERROR] default - { TimeoutError: Wait timed out after 15005ms
    at C:\Users\sromankov\WebstormProjects\TypeScriptBasics\node_modules\selenium-webdriver\lib\promise.js:2201:17
    at process._tickCallback (internal/process/next_tick.js:68:7) name: 'TimeoutError', remoteStacktrace: '' }
[2019-10-21T09:44:13.286] [ERROR] default - { TimeoutError: Wait timed out after 15005ms
    at C:\Users\sromankov\WebstormProjects\TypeScriptBasics\node_modules\selenium-webdriver\lib\promise.js:2201:17
    at process._tickCallback (internal/process/next_tick.js:68:7) name: 'TimeoutError', remoteStacktrace: '' }
[2019-10-21T09:46:57.167] [ERROR] default - { TimeoutError: Wait timed out after 15002ms
    at C:\Users\sromankov\WebstormProjects\TypeScriptBasics\node_modules\selenium-webdriver\lib\promise.js:2201:17
    at process._tickCallback (internal/process/next_tick.js:68:7) name: 'TimeoutError', remoteStacktrace: '' }
[2019-10-21T09:49:24.450] [ERROR] default - { TimeoutError: Wait timed out after 15000ms
    at C:\Users\sromankov\WebstormProjects\TypeScriptBasics\node_modules\selenium-webdriver\lib\promise.js:2201:17
    at process._tickCallback (internal/process/next_tick.js:68:7) name: 'TimeoutError', remoteStacktrace: '' }
[2019-10-21T09:50:35.421] [ERROR] default - { TimeoutError: Wait timed out after 15006ms
    at C:\Users\sromankov\WebstormProjects\TypeScriptBasics\node_modules\selenium-webdriver\lib\promise.js:2201:17
    at process._tickCallback (internal/process/next_tick.js:68:7) name: 'TimeoutError', remoteStacktrace: '' }
[2019-10-21T09:51:15.373] [ERROR] default - { TimeoutError: Element By(css selector, #reset_password_newPassword_first) is not visible
Wait timed out after 25135ms
    at C:\Users\sromankov\WebstormProjects\TypeScriptBasics\node_modules\selenium-webdriver\lib\promise.js:2201:17
    at process._tickCallback (internal/process/next_tick.js:68:7) name: 'TimeoutError', remoteStacktrace: '' }
[2019-10-21T09:56:06.126] [ERROR] default - { TimeoutError: Wait timed out after 15004ms
    at C:\Users\sromankov\WebstormProjects\TypeScriptBasics\node_modules\selenium-webdriver\lib\promise.js:2201:17
    at process._tickCallback (internal/process/next_tick.js:68:7) name: 'TimeoutError', remoteStacktrace: '' }
[2019-10-21T09:57:29.911] [ERROR] default - { TimeoutError: Wait timed out after 15005ms
    at C:\Users\sromankov\WebstormProjects\TypeScriptBasics\node_modules\selenium-webdriver\lib\promise.js:2201:17
    at process._tickCallback (internal/process/next_tick.js:68:7) name: 'TimeoutError', remoteStacktrace: '' }
[2019-10-21T10:00:53.726] [ERROR] default - { TimeoutError: Wait timed out after 15002ms
    at C:\Users\sromankov\WebstormProjects\TypeScriptBasics\node_modules\selenium-webdriver\lib\promise.js:2201:17
    at process._tickCallback (internal/process/next_tick.js:68:7) name: 'TimeoutError', remoteStacktrace: '' }
[2019-10-21T10:04:34.597] [ERROR] default - { TimeoutError: Wait timed out after 15002ms
    at C:\Users\sromankov\WebstormProjects\TypeScriptBasics\node_modules\selenium-webdriver\lib\promise.js:2201:17
    at process._tickCallback (internal/process/next_tick.js:68:7) name: 'TimeoutError', remoteStacktrace: '' }
[2019-10-21T10:07:20.147] [ERROR] default - { TimeoutError: Wait timed out after 15004ms
    at C:\Users\sromankov\WebstormProjects\TypeScriptBasics\node_modules\selenium-webdriver\lib\promise.js:2201:17
    at process._tickCallback (internal/process/next_tick.js:68:7) name: 'TimeoutError', remoteStacktrace: '' }
[2019-10-21T10:09:21.404] [ERROR] default - TypeError: Cannot read property 'indexOf' of null
    at browser.driver.getCurrentUrl.then (C:\Users\sromankov\WebstormProjects\TypeScriptBasics\node_modules\protractor\built\expectedConditions.js:299:34)
    at process._tickCallback (internal/process/next_tick.js:68:7)
[2019-10-21T10:09:21.421] [ERROR] default - { NoSuchWindowError: no such window: target window already closed
from unknown error: web view not found
  (Session info: chrome=77.0.3865.120)
    at Object.throwDecodedError (C:\Users\sromankov\WebstormProjects\TypeScriptBasics\node_modules\selenium-webdriver\lib\error.js:514:15)
    at parseHttpResponse (C:\Users\sromankov\WebstormProjects\TypeScriptBasics\node_modules\selenium-webdriver\lib\http.js:519:13)
    at doSend.then.response (C:\Users\sromankov\WebstormProjects\TypeScriptBasics\node_modules\selenium-webdriver\lib\http.js:441:30)
    at process._tickCallback (internal/process/next_tick.js:68:7)
  name: 'NoSuchWindowError',
  remoteStacktrace:
   'Backtrace:\n\tOrdinal0 [0x00D8EB13+1501971]\n\tOrdinal0 [0x00D0F6D1+980689]\n\tOrdinal0 [0x00C9765F+489055]\n\tOrdinal0 [0x00C89D57+433495]\n\tOrdinal0 [0x00C48231+164401]\n\tOrdinal0 [0x00C4F509+193801]\n\tOrdinal0 [0x00C478EB+162027]\n\tOrdinal0 [0x00C30AC7+68295]\n\tOrdinal0 [0x00C31B40+72512]\n\tOrdinal0 [0x00C31AD9+72409]\n\tOrdinal0 [0x00D28F37+1085239]\n\tGetHandleVerifier [0x00E2D7ED+503293]\n\tGetHandleVerifier [0x00E2D580+502672]\n\tGetHandleVerifier [0x00E346AC+531644]\n\tGetHandleVerifier [0x00E2DFFA+505354]\n\tOrdinal0 [0x00D20606+1050118]\n\tOrdinal0 [0x00D2047F+1049727]\n\tOrdinal0 [0x00D2AF9B+1093531]\n\tOrdinal0 [0x00D2B103+1093891]\n\tOrdinal0 [0x00D2A095+1089685]\n\tBaseThreadInitThunk [0x76568744+36]\n\tRtlGetAppContainerNamedObjectPath [0x77DB582D+253]\n\tRtlGetAppContainerNamedObjectPath [0x77DB57FD+205]\n' }
[2019-10-21T10:30:01.700] [ERROR] default - Element By(css selector, li[data-section-name='suppliers'] .menu-text) is not clickable
NoSuchWindowError: no such window: target window already closed
from unknown error: web view not found
  (Session info: chrome=77.0.3865.120)
[2019-10-21T10:30:01.720] [ERROR] default - Element By(css selector, li[data-section-name='suppliers'] .menu-text) is not clickable
NoSuchWindowError: no such window: target window already closed
from unknown error: web view not found
  (Session info: chrome=77.0.3865.120)
[2019-10-21T10:44:20.976] [ERROR] default - { TimeoutError: Wait timed out after 15009ms
    at C:\Users\sromankov\WebstormProjects\TypeScriptBasics\node_modules\selenium-webdriver\lib\promise.js:2201:17
    at process._tickCallback (internal/process/next_tick.js:68:7) name: 'TimeoutError', remoteStacktrace: '' }
[2019-10-21T10:58:19.020] [ERROR] default - { TimeoutError: Wait timed out after 15004ms
    at C:\Users\sromankov\WebstormProjects\TypeScriptBasics\node_modules\selenium-webdriver\lib\promise.js:2201:17
    at process._tickCallback (internal/process/next_tick.js:68:7) name: 'TimeoutError', remoteStacktrace: '' }
[2019-10-21T11:03:55.460] [ERROR] default - { TimeoutError: Wait timed out after 15008ms
    at C:\Users\sromankov\WebstormProjects\TypeScriptBasics\node_modules\selenium-webdriver\lib\promise.js:2201:17
    at process._tickCallback (internal/process/next_tick.js:68:7) name: 'TimeoutError', remoteStacktrace: '' }
[2019-10-21T11:23:22.842] [ERROR] default - { TimeoutError: Wait timed out after 15002ms
    at C:\Users\sromankov\WebstormProjects\TypeScriptBasics\node_modules\selenium-webdriver\lib\promise.js:2201:17
    at process._tickCallback (internal/process/next_tick.js:68:7) name: 'TimeoutError', remoteStacktrace: '' }
[2019-10-21T11:24:28.203] [ERROR] default - { TimeoutError: Wait timed out after 15005ms
    at C:\Users\sromankov\WebstormProjects\TypeScriptBasics\node_modules\selenium-webdriver\lib\promise.js:2201:17
    at process._tickCallback (internal/process/next_tick.js:68:7) name: 'TimeoutError', remoteStacktrace: '' }
[2019-10-21T11:25:12.946] [ERROR] default - { TimeoutError: Wait timed out after 15006ms
    at C:\Users\sromankov\WebstormProjects\TypeScriptBasics\node_modules\selenium-webdriver\lib\promise.js:2201:17
    at process._tickCallback (internal/process/next_tick.js:68:7) name: 'TimeoutError', remoteStacktrace: '' }
[2019-10-21T11:26:41.915] [ERROR] default - { TimeoutError: Wait timed out after 30004ms
    at C:\Users\sromankov\WebstormProjects\TypeScriptBasics\node_modules\selenium-webdriver\lib\promise.js:2201:17
    at process._tickCallback (internal/process/next_tick.js:68:7) name: 'TimeoutError', remoteStacktrace: '' }
[2019-10-21T12:38:30.141] [ERROR] default - Element By(css selector, .vendor-contract--footer button[kind='primaryRaised']) is not clickable
TimeoutError: Element By(css selector, .vendor-contract--footer button[kind='primaryRaised']) is not clickable
Wait timed out after 5001ms
[2019-10-21T14:23:04.152] [ERROR] default - { TimeoutError: Element By(css selector, .vendor-contract--footer button[kind='primaryRaised']) is not visible
Wait timed out after 10015ms
    at C:\Users\sromankov\WebstormProjects\TypeScriptBasics\node_modules\selenium-webdriver\lib\promise.js:2201:17
    at process._tickCallback (internal/process/next_tick.js:68:7) name: 'TimeoutError', remoteStacktrace: '' }
